level=INFO ts=2020-11-09T10:19:50.709228706Z app=device-serial-go source=init.go:138 msg="Check Metadata service's status ..."
level=INFO ts=2020-11-09T10:19:50.709485349Z app=device-serial-go source=init.go:138 msg="Check Data service's status ..."
level=INFO ts=2020-11-09T10:19:50.846361292Z app=device-serial-go source=init.go:48 msg="Service clients initialize successful."
level=INFO ts=2020-11-09T10:19:53.060445047Z app=device-serial-go source=service.go:146 msg="Device Service  doesn't exist, creating a new one"
level=INFO ts=2020-11-09T10:19:53.386317148Z app=device-serial-go source=service.go:202 msg="Addressable device-serial-go doesn't exist, creating a new one"
level=INFO ts=2020-11-09T10:19:55.101150847Z app=device-serial-go source=service.go:96 msg="*Service Start() called, name=device-serial-go, version=1.1.1"
level=INFO ts=2020-11-09T10:19:55.175329139Z app=device-serial-go source=service.go:100 msg="Listening on port: 49996"
level=INFO ts=2020-11-09T10:19:56.588389183Z app=device-serial-go source=service.go:127 msg="Service started in: 5.880183465s"
level=INFO ts=2020-11-09T10:19:57.921570855Z app=device-serial-go source=device.go:47 msg="Added device 2a1e9441-fbb4-44a6-b873-1262de8ab5a1"
level=INFO ts=2020-11-09T10:52:01.91812923Z app=device-serial-go source=init.go:138 msg="Check Metadata service's status ..."
level=INFO ts=2020-11-09T10:52:01.918094325Z app=device-serial-go source=init.go:138 msg="Check Data service's status ..."
level=INFO ts=2020-11-09T10:52:02.170413942Z app=device-serial-go source=init.go:48 msg="Service clients initialize successful."
level=INFO ts=2020-11-09T10:52:02.445227451Z app=device-serial-go source=service.go:153 msg="Device Service device-serial-go exists"
level=INFO ts=2020-11-09T10:52:03.016497451Z app=device-serial-go source=service.go:96 msg="*Service Start() called, name=device-serial-go, version=1.1.1"
level=INFO ts=2020-11-09T10:52:03.335881022Z app=device-serial-go source=service.go:100 msg="Listening on port: 49996"
level=INFO ts=2020-11-09T10:52:03.811210138Z app=device-serial-go source=service.go:127 msg="Service started in: 1.992752353s"
level=INFO ts=2020-11-09T10:52:04.176643281Z app=device-serial-go source=device.go:47 msg="Added device 46a8bd63-76c5-4d90-9d08-8110cc339224"
level=INFO ts=2020-11-09T10:52:17.477167788Z app=device-serial-go source=init.go:138 msg="Check Metadata service's status ..."
level=INFO ts=2020-11-09T10:52:17.479938202Z app=device-serial-go source=init.go:138 msg="Check Data service's status ..."
level=INFO ts=2020-11-09T10:52:17.71369901Z app=device-serial-go source=init.go:48 msg="Service clients initialize successful."
level=INFO ts=2020-11-09T10:52:17.820807103Z app=device-serial-go source=service.go:153 msg="Device Service device-serial-go exists"
level=INFO ts=2020-11-09T10:52:17.910443262Z app=device-serial-go source=service.go:96 msg="*Service Start() called, name=device-serial-go, version=1.1.1"
level=INFO ts=2020-11-09T10:52:17.967541382Z app=device-serial-go source=service.go:100 msg="Listening on port: 49996"
level=INFO ts=2020-11-09T10:52:18.042081884Z app=device-serial-go source=service.go:127 msg="Service started in: 567.177115ms"
level=INFO ts=2020-11-10T02:12:35.649144322Z app=device-serial-go source=init.go:138 msg="Check Metadata service's status ..."
level=INFO ts=2020-11-10T02:12:35.649067858Z app=device-serial-go source=init.go:138 msg="Check Data service's status ..."
level=INFO ts=2020-11-10T02:12:35.939331107Z app=device-serial-go source=init.go:48 msg="Service clients initialize successful."
level=INFO ts=2020-11-10T02:12:36.129389368Z app=device-serial-go source=service.go:153 msg="Device Service device-serial-go exists"
level=INFO ts=2020-11-10T02:12:36.770937876Z app=device-serial-go source=service.go:96 msg="*Service Start() called, name=device-serial-go, version=1.1.1"
level=INFO ts=2020-11-10T02:12:36.837169879Z app=device-serial-go source=service.go:100 msg="Listening on port: 49996"
level=INFO ts=2020-11-10T02:12:37.250200347Z app=device-serial-go source=service.go:127 msg="Service started in: 1.766669014s"
level=INFO ts=2020-11-10T02:12:37.288486563Z app=device-serial-go source=device.go:47 msg="Added device ac25ef39-c85a-43f6-b800-31c7ad33596e"
